<?xml version="1.0" encoding="UTF-8"?>
<!-- Generated by org.testng.reporters.JUnitXMLReporter -->
<testsuite ignored="2" hostname="DESKTOP-4FFBNMC" failures="3" tests="7" name="ParallelTest" time="94.987" errors="0" timestamp="2023-06-19T22:02:01 IST">
  <testcase classname="executeClasses.ExecuteHomePage" name="verifyTheLogoIsDisplayedOrNot" time="2.313"/>
  <testcase classname="executeClasses.ExecuteLoginPage" name="verifySuccessfulLogin" time="2.247"/>
  <testcase classname="executeClasses.ExecuteLoginPage" name="verifyTheLoginHeadingIsDisplayedOrNot" time="0.065"/>
  <testcase classname="executeClasses.ExecuteLoginPage" name="verifyUnsuccessfulLogin" time="1.055">
    <failure type="java.lang.AssertionError" message="expected [false] but found [true]">
      <![CDATA[java.lang.AssertionError: expected [false] but found [true]
at executeClasses.ExecuteLoginPage.verifyUnsuccessfulLogin(ExecuteLoginPage.java:27)
at java.base/java.util.ArrayList.forEach(ArrayList.java:1540)
... Removed 31 stack frames]]>
    </failure>
  </testcase> <!-- verifyUnsuccessfulLogin -->
  <testcase classname="executeClasses.ExecuteLoginPage" name="verifyUnsuccessfulLogin" time="0.94">
    <failure type="java.lang.AssertionError" message="expected [false] but found [true]">
      <![CDATA[java.lang.AssertionError: expected [false] but found [true]
at executeClasses.ExecuteLoginPage.verifyUnsuccessfulLogin(ExecuteLoginPage.java:27)
at java.base/java.util.ArrayList.forEach(ArrayList.java:1540)
... Removed 31 stack frames]]>
    </failure>
  </testcase> <!-- verifyUnsuccessfulLogin -->
  <testcase classname="executeClasses.ExecuteLoginPage" name="verifyUnsuccessfulLogin" time="0.972">
    <failure type="java.lang.AssertionError" message="expected [false] but found [true]">
      <![CDATA[java.lang.AssertionError: expected [false] but found [true]
at executeClasses.ExecuteLoginPage.verifyUnsuccessfulLogin(ExecuteLoginPage.java:27)
at java.base/java.util.ArrayList.forEach(ArrayList.java:1540)
... Removed 31 stack frames]]>
    </failure>
  </testcase> <!-- verifyUnsuccessfulLogin -->
  <testcase classname="executeClasses.ExecuteClientsPage" name="verifyClientSearch" time="4.681"/>
  <testcase classname="executeClasses.BaseClass" name="@BeforeSuite createReport" time="0.0">
    <ignored/>
  </testcase> <!-- @BeforeSuite createReport -->
  <testcase classname="executeClasses.BaseClass" name="@BeforeSuite createReport" time="0.0">
    <ignored/>
  </testcase> <!-- @BeforeSuite createReport -->
</testsuite> <!-- ParallelTest -->
